<?xml version="1.0" encoding="UTF-8"?>
<persistence version="2.0" xmlns="http://java.sun.com/xml/ns/persistence" xmlns:xsi="http://www.w3.org/2001/XMLSchema-instance" xsi:schemaLocation="http://java.sun.com/xml/ns/persistence http://java.sun.com/xml/ns/persistence/persistence_2_0.xsd">
	<persistence-unit name="ProjectMarcheSecondaire" transaction-type="JTA">
		<provider>org.hibernate.ejb.HibernatePersistence</provider>
		<jta-data-source>java:jboss/datasources/MARCHE_SECONDAIRE</jta-data-source>
<!--        	 <class>com.company.maenad.core.model.AdExtraInfo</class> -->
		<properties>
            <property name="hibernate.ejb.cfgfile" value="test-hibernate.cfg.xml"/>
		</properties>
	</persistence-unit>
</persistence>
